# JRE version: OpenJDK Runtime Environment Temurin-21.0.8+9 (21.0.8+9) (build 21.0.8+9-LTS)
# Java VM: OpenJDK 64-Bit Server VM Temurin-21.0.8+9 (21.0.8+9-LTS, mixed mode, sharing, tiered, compressed oops, compressed class ptrs, parallel gc, windows-amd64)
GC Precious Log:
 CardTable entry size: 512
 CPUs: 4 total, 4 available
 Memory: 8089M
 Large Page Support: Disabled
 NUMA Support: Disabled
 Compressed Oops: Enabled (32-bit)
 Alignments: Space 512K, Generation 512K, Heap 2M
 Heap Min Capacity: 100M
 Heap Initial Capacity: 100M
 Heap Max Capacity: 2G
 Pre-touch: Disabled
 Parallel Workers: 4
Heap:
 PSYoungGen      total 6656K, used 5679K [0x00000000d5580000, 0x00000000d6480000, 0x0000000100000000)
  eden space 6144K, 84% used [0x00000000d5580000,0x00000000d5a8bd88,0x00000000d5b80000)
  from space 512K, 100% used [0x00000000d6400000,0x00000000d6480000,0x00000000d6480000)
  to   space 2560K, 0% used [0x00000000d5f80000,0x00000000d5f80000,0x00000000d6200000)
 ParOldGen       total 532480K, used 532036K [0x0000000080000000, 0x00000000a0800000, 0x00000000d5580000)
  object space 532480K, 99% used [0x0000000080000000,0x00000000a07912a0,0x00000000a0800000)
 Metaspace       used 66233K, committed 67520K, reserved 1114112K
  class space    used 7059K, committed 7616K, reserved 1048576K
GC Heap History (20 events):
Event: 431.006 GC heap before
{Heap before GC invocations=694 (full 3):
 PSYoungGen      total 6656K, used 6272K [0x00000000d5580000, 0x00000000d6480000, 0x0000000100000000)
  eden space 6144K, 100% used [0x00000000d5580000,0x00000000d5b80000,0x00000000d5b80000)
  from space 512K, 25% used [0x00000000d6400000,0x00000000d6420000,0x00000000d6480000)
  to   space 512K, 0% used [0x00000000d6380000,0x00000000d6380000,0x00000000d6400000)
 ParOldGen       total 530432K, used 530244K [0x0000000080000000, 0x00000000a0600000, 0x00000000d5580000)
  object space 530432K, 99% used [0x0000000080000000,0x00000000a05d12a0,0x00000000a0600000)
 Metaspace       used 66158K, committed 67392K, reserved 1114112K
  class space    used 7052K, committed 7552K, reserved 1048576K
}
Event: 431.009 GC heap after
{Heap after GC invocations=694 (full 3):
 PSYoungGen      total 6656K, used 96K [0x00000000d5580000, 0x00000000d6480000, 0x0000000100000000)
  eden space 6144K, 0% used [0x00000000d5580000,0x00000000d5580000,0x00000000d5b80000)
  from space 512K, 18% used [0x00000000d6380000,0x00000000d6398000,0x00000000d6400000)
  to   space 512K, 0% used [0x00000000d6400000,0x00000000d6400000,0x00000000d6480000)
 ParOldGen       total 530432K, used 530268K [0x0000000080000000, 0x00000000a0600000, 0x00000000d5580000)
  object space 530432K, 99% used [0x0000000080000000,0x00000000a05d72a0,0x00000000a0600000)
 Metaspace       used 66158K, committed 67392K, reserved 1114112K
  class space    used 7052K, committed 7552K, reserved 1048576K
}
Event: 433.873 GC heap before
{Heap before GC invocations=695 (full 3):
 PSYoungGen      total 6656K, used 6240K [0x00000000d5580000, 0x00000000d6480000, 0x0000000100000000)
  eden space 6144K, 100% used [0x00000000d5580000,0x00000000d5b80000,0x00000000d5b80000)
  from space 512K, 18% used [0x00000000d6380000,0x00000000d6398000,0x00000000d6400000)
  to   space 512K, 0% used [0x00000000d6400000,0x00000000d6400000,0x00000000d6480000)
 ParOldGen       total 530432K, used 530268K [0x0000000080000000, 0x00000000a0600000, 0x00000000d5580000)
  object space 530432K, 99% used [0x0000000080000000,0x00000000a05d72a0,0x00000000a0600000)
 Metaspace       used 66158K, committed 67392K, reserved 1114112K
  class space    used 7052K, committed 7552K, reserved 1048576K
}
Event: 433.876 GC heap after
{Heap after GC invocations=695 (full 3):
 PSYoungGen      total 6656K, used 128K [0x00000000d5580000, 0x00000000d6480000, 0x0000000100000000)
  eden space 6144K, 0% used [0x00000000d5580000,0x00000000d5580000,0x00000000d5b80000)
  from space 512K, 25% used [0x00000000d6400000,0x00000000d6420000,0x00000000d6480000)
  to   space 512K, 0% used [0x00000000d6380000,0x00000000d6380000,0x00000000d6400000)
 ParOldGen       total 530432K, used 530308K [0x0000000080000000, 0x00000000a0600000, 0x00000000d5580000)
  object space 530432K, 99% used [0x0000000080000000,0x00000000a05e12a0,0x00000000a0600000)
 Metaspace       used 66158K, committed 67392K, reserved 1114112K
  class space    used 7052K, committed 7552K, reserved 1048576K
}
Event: 436.337 GC heap before
{Heap before GC invocations=696 (full 3):
 PSYoungGen      total 6656K, used 6272K [0x00000000d5580000, 0x00000000d6480000, 0x0000000100000000)
  eden space 6144K, 100% used [0x00000000d5580000,0x00000000d5b80000,0x00000000d5b80000)
  from space 512K, 25% used [0x00000000d6400000,0x00000000d6420000,0x00000000d6480000)
  to   space 512K, 0% used [0x00000000d6380000,0x00000000d6380000,0x00000000d6400000)
 ParOldGen       total 530432K, used 530308K [0x0000000080000000, 0x00000000a0600000, 0x00000000d5580000)
  object space 530432K, 99% used [0x0000000080000000,0x00000000a05e12a0,0x00000000a0600000)
 Metaspace       used 66164K, committed 67392K, reserved 1114112K
  class space    used 7052K, committed 7552K, reserved 1048576K
}
Event: 436.341 GC heap after
{Heap after GC invocations=696 (full 3):
 PSYoungGen      total 6656K, used 96K [0x00000000d5580000, 0x00000000d6480000, 0x0000000100000000)
  eden space 6144K, 0% used [0x00000000d5580000,0x00000000d5580000,0x00000000d5b80000)
  from space 512K, 18% used [0x00000000d6380000,0x00000000d6398000,0x00000000d6400000)
  to   space 512K, 0% used [0x00000000d6400000,0x00000000d6400000,0x00000000d6480000)
 ParOldGen       total 530432K, used 530332K [0x0000000080000000, 0x00000000a0600000, 0x00000000d5580000)
  object space 530432K, 99% used [0x0000000080000000,0x00000000a05e72a0,0x00000000a0600000)
 Metaspace       used 66164K, committed 67392K, reserved 1114112K
  class space    used 7052K, committed 7552K, reserved 1048576K
}
Event: 438.494 GC heap before
{Heap before GC invocations=697 (full 3):
 PSYoungGen      total 6656K, used 6240K [0x00000000d5580000, 0x00000000d6480000, 0x0000000100000000)
  eden space 6144K, 100% used [0x00000000d5580000,0x00000000d5b80000,0x00000000d5b80000)
  from space 512K, 18% used [0x00000000d6380000,0x00000000d6398000,0x00000000d6400000)
  to   space 512K, 0% used [0x00000000d6400000,0x00000000d6400000,0x00000000d6480000)
 ParOldGen       total 530432K, used 530332K [0x0000000080000000, 0x00000000a0600000, 0x00000000d5580000)
  object space 530432K, 99% used [0x0000000080000000,0x00000000a05e72a0,0x00000000a0600000)
 Metaspace       used 66164K, committed 67392K, reserved 1114112K
  class space    used 7052K, committed 7552K, reserved 1048576K
}
Event: 438.497 GC heap after
{Heap after GC invocations=697 (full 3):
 PSYoungGen      total 6656K, used 128K [0x00000000d5580000, 0x00000000d6480000, 0x0000000100000000)
  eden space 6144K, 0% used [0x00000000d5580000,0x00000000d5580000,0x00000000d5b80000)
  from space 512K, 25% used [0x00000000d6400000,0x00000000d6420000,0x00000000d6480000)
  to   space 512K, 0% used [0x00000000d6380000,0x00000000d6380000,0x00000000d6400000)
 ParOldGen       total 530432K, used 530356K [0x0000000080000000, 0x00000000a0600000, 0x00000000d5580000)
  object space 530432K, 99% used [0x0000000080000000,0x00000000a05ed2a0,0x00000000a0600000)
 Metaspace       used 66164K, committed 67392K, reserved 1114112K
  class space    used 7052K, committed 7552K, reserved 1048576K
}
Event: 440.571 GC heap before
{Heap before GC invocations=698 (full 3):
 PSYoungGen      total 6656K, used 6272K [0x00000000d5580000, 0x00000000d6480000, 0x0000000100000000)
  eden space 6144K, 100% used [0x00000000d5580000,0x00000000d5b80000,0x00000000d5b80000)
  from space 512K, 25% used [0x00000000d6400000,0x00000000d6420000,0x00000000d6480000)
  to   space 512K, 0% used [0x00000000d6380000,0x00000000d6380000,0x00000000d6400000)
 ParOldGen       total 530432K, used 530356K [0x0000000080000000, 0x00000000a0600000, 0x00000000d5580000)
  object space 530432K, 99% used [0x0000000080000000,0x00000000a05ed2a0,0x00000000a0600000)
 Metaspace       used 66164K, committed 67392K, reserved 1114112K
  class space    used 7052K, committed 7552K, reserved 1048576K
}
Event: 440.577 GC heap after
{Heap after GC invocations=698 (full 3):
 PSYoungGen      total 6656K, used 96K [0x00000000d5580000, 0x00000000d6480000, 0x0000000100000000)
  eden space 6144K, 0% used [0x00000000d5580000,0x00000000d5580000,0x00000000d5b80000)
  from space 512K, 18% used [0x00000000d6380000,0x00000000d6398000,0x00000000d6400000)
  to   space 512K, 0% used [0x00000000d6400000,0x00000000d6400000,0x00000000d6480000)
 ParOldGen       total 530432K, used 530388K [0x0000000080000000, 0x00000000a0600000, 0x00000000d5580000)
  object space 530432K, 99% used [0x0000000080000000,0x00000000a05f52a0,0x00000000a0600000)
 Metaspace       used 66164K, committed 67392K, reserved 1114112K
  class space    used 7052K, committed 7552K, reserved 1048576K
}
Event: 442.771 GC heap before
{Heap before GC invocations=699 (full 3):
 PSYoungGen      total 6656K, used 6240K [0x00000000d5580000, 0x00000000d6480000, 0x0000000100000000)
  eden space 6144K, 100% used [0x00000000d5580000,0x00000000d5b80000,0x00000000d5b80000)
  from space 512K, 18% used [0x00000000d6380000,0x00000000d6398000,0x00000000d6400000)
  to   space 512K, 0% used [0x00000000d6400000,0x00000000d6400000,0x00000000d6480000)
 ParOldGen       total 530432K, used 530388K [0x0000000080000000, 0x00000000a0600000, 0x00000000d5580000)
  object space 530432K, 99% used [0x0000000080000000,0x00000000a05f52a0,0x00000000a0600000)
 Metaspace       used 66164K, committed 67392K, reserved 1114112K
  class space    used 7052K, committed 7552K, reserved 1048576K
}
Event: 442.774 GC heap after
{Heap after GC invocations=699 (full 3):
 PSYoungGen      total 6656K, used 96K [0x00000000d5580000, 0x00000000d6480000, 0x0000000100000000)
  eden space 6144K, 0% used [0x00000000d5580000,0x00000000d5580000,0x00000000d5b80000)
  from space 512K, 18% used [0x00000000d6400000,0x00000000d6418000,0x00000000d6480000)
  to   space 512K, 0% used [0x00000000d6380000,0x00000000d6380000,0x00000000d6400000)
 ParOldGen       total 530432K, used 530412K [0x0000000080000000, 0x00000000a0600000, 0x00000000d5580000)
  object space 530432K, 99% used [0x0000000080000000,0x00000000a05fb2a0,0x00000000a0600000)
 Metaspace       used 66164K, committed 67392K, reserved 1114112K
  class space    used 7052K, committed 7552K, reserved 1048576K
}
Event: 454.616 GC heap before
{Heap before GC invocations=700 (full 3):
 PSYoungGen      total 6656K, used 6240K [0x00000000d5580000, 0x00000000d6480000, 0x0000000100000000)
  eden space 6144K, 100% used [0x00000000d5580000,0x00000000d5b80000,0x00000000d5b80000)
  from space 512K, 18% used [0x00000000d6400000,0x00000000d6418000,0x00000000d6480000)
  to   space 512K, 0% used [0x00000000d6380000,0x00000000d6380000,0x00000000d6400000)
 ParOldGen       total 530432K, used 530412K [0x0000000080000000, 0x00000000a0600000, 0x00000000d5580000)
  object space 530432K, 99% used [0x0000000080000000,0x00000000a05fb2a0,0x00000000a0600000)
 Metaspace       used 66164K, committed 67392K, reserved 1114112K
  class space    used 7052K, committed 7552K, reserved 1048576K
}
Event: 454.620 GC heap after
{Heap after GC invocations=700 (full 3):
 PSYoungGen      total 6656K, used 128K [0x00000000d5580000, 0x00000000d6480000, 0x0000000100000000)
  eden space 6144K, 0% used [0x00000000d5580000,0x00000000d5580000,0x00000000d5b80000)
  from space 512K, 25% used [0x00000000d6380000,0x00000000d63a0000,0x00000000d6400000)
  to   space 512K, 0% used [0x00000000d6400000,0x00000000d6400000,0x00000000d6480000)
 ParOldGen       total 530944K, used 530452K [0x0000000080000000, 0x00000000a0680000, 0x00000000d5580000)
  object space 530944K, 99% used [0x0000000080000000,0x00000000a06052a0,0x00000000a0680000)
 Metaspace       used 66164K, committed 67392K, reserved 1114112K
  class space    used 7052K, committed 7552K, reserved 1048576K
}
Event: 460.109 GC heap before
{Heap before GC invocations=701 (full 3):
 PSYoungGen      total 6656K, used 6272K [0x00000000d5580000, 0x00000000d6480000, 0x0000000100000000)
  eden space 6144K, 100% used [0x00000000d5580000,0x00000000d5b80000,0x00000000d5b80000)
  from space 512K, 25% used [0x00000000d6380000,0x00000000d63a0000,0x00000000d6400000)
  to   space 512K, 0% used [0x00000000d6400000,0x00000000d6400000,0x00000000d6480000)
 ParOldGen       total 530944K, used 530452K [0x0000000080000000, 0x00000000a0680000, 0x00000000d5580000)
  object space 530944K, 99% used [0x0000000080000000,0x00000000a06052a0,0x00000000a0680000)
 Metaspace       used 66165K, committed 67392K, reserved 1114112K
  class space    used 7052K, committed 7552K, reserved 1048576K
}
Event: 460.112 GC heap after
{Heap after GC invocations=701 (full 3):
 PSYoungGen      total 6656K, used 128K [0x00000000d5580000, 0x00000000d6480000, 0x0000000100000000)
  eden space 6144K, 0% used [0x00000000d5580000,0x00000000d5580000,0x00000000d5b80000)
  from space 512K, 25% used [0x00000000d6400000,0x00000000d6420000,0x00000000d6480000)
  to   space 512K, 0% used [0x00000000d6380000,0x00000000d6380000,0x00000000d6400000)
 ParOldGen       total 530944K, used 530492K [0x0000000080000000, 0x00000000a0680000, 0x00000000d5580000)
  object space 530944K, 99% used [0x0000000080000000,0x00000000a060f2a0,0x00000000a0680000)
 Metaspace       used 66165K, committed 67392K, reserved 1114112K
  class space    used 7052K, committed 7552K, reserved 1048576K
}
Event: 461.891 GC heap before
{Heap before GC invocations=702 (full 3):
 PSYoungGen      total 6656K, used 6272K [0x00000000d5580000, 0x00000000d6480000, 0x0000000100000000)
  eden space 6144K, 100% used [0x00000000d5580000,0x00000000d5b80000,0x00000000d5b80000)
  from space 512K, 25% used [0x00000000d6400000,0x00000000d6420000,0x00000000d6480000)
  to   space 512K, 0% used [0x00000000d6380000,0x00000000d6380000,0x00000000d6400000)
 ParOldGen       total 530944K, used 530492K [0x0000000080000000, 0x00000000a0680000, 0x00000000d5580000)
  object space 530944K, 99% used [0x0000000080000000,0x00000000a060f2a0,0x00000000a0680000)
 Metaspace       used 66165K, committed 67392K, reserved 1114112K
  class space    used 7052K, committed 7552K, reserved 1048576K
}
Event: 461.894 GC heap after
{Heap after GC invocations=702 (full 3):
 PSYoungGen      total 6656K, used 128K [0x00000000d5580000, 0x00000000d6480000, 0x0000000100000000)
  eden space 6144K, 0% used [0x00000000d5580000,0x00000000d5580000,0x00000000d5b80000)
  from space 512K, 25% used [0x00000000d6380000,0x00000000d63a0000,0x00000000d6400000)
  to   space 512K, 0% used [0x00000000d6400000,0x00000000d6400000,0x00000000d6480000)
 ParOldGen       total 530944K, used 530516K [0x0000000080000000, 0x00000000a0680000, 0x00000000d5580000)
  object space 530944K, 99% used [0x0000000080000000,0x00000000a06152a0,0x00000000a0680000)
 Metaspace       used 66165K, committed 67392K, reserved 1114112K
  class space    used 7052K, committed 7552K, reserved 1048576K
}
Event: 463.511 GC heap before
{Heap before GC invocations=703 (full 3):
 PSYoungGen      total 6656K, used 6272K [0x00000000d5580000, 0x00000000d6480000, 0x0000000100000000)
  eden space 6144K, 100% used [0x00000000d5580000,0x00000000d5b80000,0x00000000d5b80000)
  from space 512K, 25% used [0x00000000d6380000,0x00000000d63a0000,0x00000000d6400000)
  to   space 512K, 0% used [0x00000000d6400000,0x00000000d6400000,0x00000000d6480000)
 ParOldGen       total 530944K, used 530516K [0x0000000080000000, 0x00000000a0680000, 0x00000000d5580000)
  object space 530944K, 99% used [0x0000000080000000,0x00000000a06152a0,0x00000000a0680000)
 Metaspace       used 66224K, committed 67520K, reserved 1114112K
  class space    used 7057K, committed 7616K, reserved 1048576K
}
Event: 463.518 GC heap after
{Heap after GC invocations=703 (full 3):
 PSYoungGen      total 6656K, used 512K [0x00000000d5580000, 0x00000000d6480000, 0x0000000100000000)
  eden space 6144K, 0% used [0x00000000d5580000,0x00000000d5580000,0x00000000d5b80000)
  from space 512K, 100% used [0x00000000d6400000,0x00000000d6480000,0x00000000d6480000)
  to   space 2560K, 0% used [0x00000000d5f80000,0x00000000d5f80000,0x00000000d6200000)
 ParOldGen       total 532480K, used 532036K [0x0000000080000000, 0x00000000a0800000, 0x00000000d5580000)
  object space 532480K, 99% used [0x0000000080000000,0x00000000a07912a0,0x00000000a0800000)
 Metaspace       used 66224K, committed 67520K, reserved 1114112K
  class space    used 7057K, committed 7616K, reserved 1048576K
}

